# JRE version: OpenJDK Runtime Environment Corretto-17.0.13.11.1 (17.0.13+11) (build 17.0.13+11-LTS)
# Java VM: OpenJDK 64-Bit Server VM Corretto-17.0.13.11.1 (17.0.13+11-LTS, mixed mode, emulated-client, sharing, tiered, compressed oops, compressed class ptrs, g1 gc, windows-amd64)
GC Precious Log:
 CPUs: 16 total, 16 available
 Memory: 16253M
 Large Page Support: Disabled
 NUMA Support: Disabled
 Compressed Oops: Enabled (Zero based)
 Heap Region Size: 2M
 Heap Min Capacity: 8M
 Heap Initial Capacity: 254M
 Heap Max Capacity: 4064M
 Pre-touch: Disabled
 Parallel Workers: 13
 Concurrent Workers: 3
 Concurrent Refinement Workers: 13
 Periodic GC: Disabled
Heap:
 garbage-first heap   total 274432K, used 164448K [0x0000000702000000, 0x0000000800000000)
  region size 2048K, 4 young (8192K), 4 survivors (8192K)
 Metaspace       used 76265K, committed 76992K, reserved 1114112K
  class space    used 11329K, committed 11648K, reserved 1048576K
GC Heap History (20 events):
Event: 9.740 GC heap after
{Heap after GC invocations=25 (full 0):
 garbage-first heap   total 110592K, used 52399K [0x0000000702000000, 0x0000000800000000)
  region size 2048K, 3 young (6144K), 3 survivors (6144K)
 Metaspace       used 76113K, committed 76800K, reserved 1114112K
  class space    used 11319K, committed 11648K, reserved 1048576K
}
Event: 9.828 GC heap before
{Heap before GC invocations=25 (full 0):
 garbage-first heap   total 110592K, used 85167K [0x0000000702000000, 0x0000000800000000)
  region size 2048K, 19 young (38912K), 3 survivors (6144K)
 Metaspace       used 76114K, committed 76800K, reserved 1114112K
  class space    used 11319K, committed 11648K, reserved 1048576K
}
Event: 9.833 GC heap after
{Heap after GC invocations=26 (full 0):
 garbage-first heap   total 110592K, used 57139K [0x0000000702000000, 0x0000000800000000)
  region size 2048K, 3 young (6144K), 3 survivors (6144K)
 Metaspace       used 76114K, committed 76800K, reserved 1114112K
  class space    used 11319K, committed 11648K, reserved 1048576K
}
Event: 9.898 GC heap before
{Heap before GC invocations=26 (full 0):
 garbage-first heap   total 110592K, used 83763K [0x0000000702000000, 0x0000000800000000)
  region size 2048K, 16 young (32768K), 3 survivors (6144K)
 Metaspace       used 76115K, committed 76800K, reserved 1114112K
  class space    used 11319K, committed 11648K, reserved 1048576K
}
Event: 9.900 GC heap after
{Heap after GC invocations=27 (full 0):
 garbage-first heap   total 110592K, used 54887K [0x0000000702000000, 0x0000000800000000)
  region size 2048K, 1 young (2048K), 1 survivors (2048K)
 Metaspace       used 76115K, committed 76800K, reserved 1114112K
  class space    used 11319K, committed 11648K, reserved 1048576K
}
Event: 10.076 GC heap before
{Heap before GC invocations=28 (full 0):
 garbage-first heap   total 112640K, used 85607K [0x0000000702000000, 0x0000000800000000)
  region size 2048K, 16 young (32768K), 1 survivors (2048K)
 Metaspace       used 76264K, committed 76992K, reserved 1114112K
  class space    used 11329K, committed 11648K, reserved 1048576K
}
Event: 10.078 GC heap after
{Heap after GC invocations=29 (full 0):
 garbage-first heap   total 112640K, used 54613K [0x0000000702000000, 0x0000000800000000)
  region size 2048K, 1 young (2048K), 1 survivors (2048K)
 Metaspace       used 76264K, committed 76992K, reserved 1114112K
  class space    used 11329K, committed 11648K, reserved 1048576K
}
Event: 10.163 GC heap before
{Heap before GC invocations=29 (full 0):
 garbage-first heap   total 112640K, used 89429K [0x0000000702000000, 0x0000000800000000)
  region size 2048K, 18 young (36864K), 1 survivors (2048K)
 Metaspace       used 76264K, committed 76992K, reserved 1114112K
  class space    used 11329K, committed 11648K, reserved 1048576K
}
Event: 10.169 GC heap after
{Heap after GC invocations=30 (full 0):
 garbage-first heap   total 112640K, used 67301K [0x0000000702000000, 0x0000000800000000)
  region size 2048K, 3 young (6144K), 3 survivors (6144K)
 Metaspace       used 76264K, committed 76992K, reserved 1114112K
  class space    used 11329K, committed 11648K, reserved 1048576K
}
Event: 10.234 GC heap before
{Heap before GC invocations=31 (full 0):
 garbage-first heap   total 137216K, used 85733K [0x0000000702000000, 0x0000000800000000)
  region size 2048K, 12 young (24576K), 3 survivors (6144K)
 Metaspace       used 76264K, committed 76992K, reserved 1114112K
  class space    used 11329K, committed 11648K, reserved 1048576K
}
Event: 10.240 GC heap after
{Heap after GC invocations=32 (full 0):
 garbage-first heap   total 137216K, used 72858K [0x0000000702000000, 0x0000000800000000)
  region size 2048K, 2 young (4096K), 2 survivors (4096K)
 Metaspace       used 76264K, committed 76992K, reserved 1114112K
  class space    used 11329K, committed 11648K, reserved 1048576K
}
Event: 10.245 GC heap before
{Heap before GC invocations=32 (full 0):
 garbage-first heap   total 137216K, used 74906K [0x0000000702000000, 0x0000000800000000)
  region size 2048K, 3 young (6144K), 2 survivors (4096K)
 Metaspace       used 76264K, committed 76992K, reserved 1114112K
  class space    used 11329K, committed 11648K, reserved 1048576K
}
Event: 10.250 GC heap after
{Heap after GC invocations=33 (full 0):
 garbage-first heap   total 274432K, used 74567K [0x0000000702000000, 0x0000000800000000)
  region size 2048K, 1 young (2048K), 1 survivors (2048K)
 Metaspace       used 76264K, committed 76992K, reserved 1114112K
  class space    used 11329K, committed 11648K, reserved 1048576K
}
Event: 10.546 GC heap before
{Heap before GC invocations=33 (full 0):
 garbage-first heap   total 274432K, used 179015K [0x0000000702000000, 0x0000000800000000)
  region size 2048K, 52 young (106496K), 1 survivors (2048K)
 Metaspace       used 76265K, committed 76992K, reserved 1114112K
  class space    used 11329K, committed 11648K, reserved 1048576K
}
Event: 10.557 GC heap after
{Heap after GC invocations=34 (full 0):
 garbage-first heap   total 274432K, used 100670K [0x0000000702000000, 0x0000000800000000)
  region size 2048K, 7 young (14336K), 7 survivors (14336K)
 Metaspace       used 76265K, committed 76992K, reserved 1114112K
  class space    used 11329K, committed 11648K, reserved 1048576K
}
Event: 10.773 GC heap before
{Heap before GC invocations=34 (full 0):
 garbage-first heap   total 274432K, used 180542K [0x0000000702000000, 0x0000000800000000)
  region size 2048K, 45 young (92160K), 7 survivors (14336K)
 Metaspace       used 76265K, committed 76992K, reserved 1114112K
  class space    used 11329K, committed 11648K, reserved 1048576K
}
Event: 10.789 GC heap after
{Heap after GC invocations=35 (full 0):
 garbage-first heap   total 274432K, used 129372K [0x0000000702000000, 0x0000000800000000)
  region size 2048K, 6 young (12288K), 6 survivors (12288K)
 Metaspace       used 76265K, committed 76992K, reserved 1114112K
  class space    used 11329K, committed 11648K, reserved 1048576K
}
Event: 10.955 GC heap before
{Heap before GC invocations=35 (full 0):
 garbage-first heap   total 274432K, used 194908K [0x0000000702000000, 0x0000000800000000)
  region size 2048K, 38 young (77824K), 6 survivors (12288K)
 Metaspace       used 76265K, committed 76992K, reserved 1114112K
  class space    used 11329K, committed 11648K, reserved 1048576K
}
Event: 10.970 GC heap after
{Heap after GC invocations=36 (full 0):
 garbage-first heap   total 274432K, used 156040K [0x0000000702000000, 0x0000000800000000)
  region size 2048K, 5 young (10240K), 5 survivors (10240K)
 Metaspace       used 76265K, committed 76992K, reserved 1114112K
  class space    used 11329K, committed 11648K, reserved 1048576K
}
Event: 11.006 GC heap before
{Heap before GC invocations=36 (full 0):
 garbage-first heap   total 274432K, used 168328K [0x0000000702000000, 0x0000000800000000)
  region size 2048K, 12 young (24576K), 5 survivors (10240K)
 Metaspace       used 76265K, committed 76992K, reserved 1114112K
  class space    used 11329K, committed 11648K, reserved 1048576K
}

